2026-03-31 15:10:21.111 [main] INFO  org.partapp.arrayapp.entity.ArrayEntity - Notify Observers
2026-03-31 15:10:21.113 [main] INFO  org.partapp.arrayapp.entity.ArrayEntity - ArrayEntity created
2026-03-31 15:10:21.114 [main] INFO  org.partapp.arrayapp.entity.ArrayEntity - Get array
2026-03-31 15:10:21.121 [main] INFO  org.partapp.arrayapp.entity.ArrayEntity - Notify Observers
2026-03-31 15:10:21.121 [main] INFO  org.partapp.arrayapp.entity.ArrayEntity - ArrayEntity created
2026-03-31 15:10:21.121 [main] INFO  org.partapp.arrayapp.entity.ArrayEntity - Get element
2026-03-31 15:10:21.121 [main] INFO  org.partapp.arrayapp.entity.ArrayEntity - Get size
2026-03-31 15:10:21.122 [main] INFO  org.partapp.arrayapp.entity.ArrayEntity - Get element
2026-03-31 15:10:21.122 [main] INFO  org.partapp.arrayapp.entity.ArrayEntity - Get size
2026-03-31 15:10:21.122 [main] INFO  org.partapp.arrayapp.entity.ArrayEntity - Get element
2026-03-31 15:10:21.122 [main] INFO  org.partapp.arrayapp.entity.ArrayEntity - Get size
2026-03-31 15:10:21.123 [main] INFO  org.partapp.arrayapp.entity.ArrayEntity - Notify Observers
2026-03-31 15:10:21.124 [main] INFO  org.partapp.arrayapp.entity.ArrayEntity - ArrayEntity created
2026-03-31 15:10:21.124 [main] INFO  org.partapp.arrayapp.entity.ArrayEntity - Get size
2026-03-31 15:10:21.124 [main] INFO  org.partapp.arrayapp.entity.ArrayEntity - Set id
2026-03-31 15:10:21.124 [main] INFO  org.partapp.arrayapp.entity.ArrayEntity - Notify Observers
2026-03-31 15:10:21.124 [main] INFO  org.partapp.arrayapp.entity.ArrayEntity - Get element
2026-03-31 15:10:21.124 [main] INFO  org.partapp.arrayapp.entity.ArrayEntity - Get size
2026-03-31 15:10:21.125 [main] INFO  org.partapp.arrayapp.entity.ArrayEntity - Notify Observers
2026-03-31 15:10:21.125 [main] INFO  org.partapp.arrayapp.entity.ArrayEntity - ArrayEntity created
2026-03-31 15:10:21.126 [main] INFO  org.partapp.arrayapp.entity.ArrayEntity - Get id
2026-03-31 15:10:21.127 [main] INFO  org.partapp.arrayapp.entity.ArrayEntity - Notify Observers
2026-03-31 15:10:21.127 [main] INFO  org.partapp.arrayapp.entity.ArrayEntity - ArrayEntity created
2026-03-31 15:10:21.127 [main] INFO  org.partapp.arrayapp.entity.ArrayEntity - Get size
2026-03-31 15:10:28.057 [main] INFO  org.partapp.arrayapp.entity.ArrayEntity - Notify Observers
2026-03-31 15:10:28.058 [main] INFO  org.partapp.arrayapp.entity.ArrayEntity - ArrayEntity created
2026-03-31 15:10:28.058 [main] INFO  org.partapp.arrayapp.entity.ArrayEntity - Get size
2026-03-31 15:10:28.060 [main] INFO  org.partapp.arrayapp.entity.ArrayEntity - Get element
2026-03-31 15:10:28.060 [main] INFO  org.partapp.arrayapp.entity.ArrayEntity - Get size
2026-03-31 15:10:28.060 [main] INFO  org.partapp.arrayapp.entity.ArrayEntity - Get element
2026-03-31 15:10:28.060 [main] INFO  org.partapp.arrayapp.entity.ArrayEntity - Get size
2026-03-31 15:10:28.060 [main] INFO  org.partapp.arrayapp.entity.ArrayEntity - Get element
2026-03-31 15:10:28.060 [main] INFO  org.partapp.arrayapp.entity.ArrayEntity - Get size
2026-03-31 15:10:28.060 [main] INFO  org.partapp.arrayapp.entity.ArrayEntity - Get element
2026-03-31 15:10:28.060 [main] INFO  org.partapp.arrayapp.entity.ArrayEntity - Get size
2026-03-31 15:10:28.060 [main] INFO  org.partapp.arrayapp.entity.ArrayEntity - Get element
2026-03-31 15:10:28.060 [main] INFO  org.partapp.arrayapp.entity.ArrayEntity - Get size
2026-03-31 15:10:28.066 [main] INFO  org.partapp.arrayapp.entity.ArrayEntity - Notify Observers
2026-03-31 15:10:28.066 [main] INFO  org.partapp.arrayapp.entity.ArrayEntity - Empty ArrayEntity created
2026-03-31 15:10:28.066 [main] INFO  org.partapp.arrayapp.entity.ArrayEntity - Get size
2026-03-31 15:10:33.576 [main] INFO  org.partapp.arrayapp.parser.impl.CustomParserImpl - Parsing file
2026-03-31 15:10:33.578 [main] INFO  org.partapp.arrayapp.validator.impl.StringValidatorImpl - Validate string
2026-03-31 15:10:33.578 [main] INFO  org.partapp.arrayapp.validator.impl.StringValidatorImpl - String is valid
2026-03-31 15:10:33.603 [main] INFO  org.partapp.arrayapp.parser.impl.CustomParserImpl - Parsing file
2026-03-31 15:10:33.603 [main] INFO  org.partapp.arrayapp.validator.impl.StringValidatorImpl - Validate string
2026-03-31 15:10:33.603 [main] INFO  org.partapp.arrayapp.validator.impl.StringValidatorImpl - String is valid
2026-03-31 15:10:33.605 [main] INFO  org.partapp.arrayapp.parser.impl.CustomParserImpl - Parsing file
2026-03-31 15:10:33.605 [main] INFO  org.partapp.arrayapp.validator.impl.StringValidatorImpl - Validate string
2026-03-31 15:10:33.605 [main] INFO  org.partapp.arrayapp.validator.impl.StringValidatorImpl - String is valid
2026-03-31 15:11:24.805 [main] INFO  org.partapp.arrayapp.entity.ArrayEntity - Notify Observers
2026-03-31 15:11:24.807 [main] INFO  org.partapp.arrayapp.entity.ArrayEntity - ArrayEntity created
2026-03-31 15:11:24.808 [main] INFO  org.partapp.arrayapp.repository.ArrayEntityRepository - Add element to repository
2026-03-31 15:11:24.809 [main] INFO  org.partapp.arrayapp.entity.ArrayEntity - Get id
2026-03-31 15:11:24.816 [main] INFO  org.partapp.arrayapp.entity.ArrayEntity - Notify Observers
2026-03-31 15:11:24.816 [main] INFO  org.partapp.arrayapp.entity.ArrayEntity - ArrayEntity created
2026-03-31 15:11:24.816 [main] INFO  org.partapp.arrayapp.repository.ArrayEntityRepository - Add element to repository
2026-03-31 15:11:24.816 [main] INFO  org.partapp.arrayapp.entity.ArrayEntity - Get id
2026-03-31 15:11:24.816 [main] INFO  org.partapp.arrayapp.repository.ArrayEntityRepository - Remove element from repository
2026-03-31 15:11:24.816 [main] INFO  org.partapp.arrayapp.repository.ArrayEntityRepository - Get element from repository
2026-03-31 15:11:24.817 [main] INFO  org.partapp.arrayapp.entity.ArrayEntity - Get id
2026-03-31 15:11:24.817 [main] INFO  org.partapp.arrayapp.entity.ArrayEntity - Get id
2026-03-31 15:11:24.817 [main] INFO  org.partapp.arrayapp.warehouse.Warehouse - Remove stats from warehouse
2026-03-31 15:11:31.125 [main] INFO  org.partapp.arrayapp.entity.ArrayEntity - Notify Observers
2026-03-31 15:11:31.127 [main] INFO  org.partapp.arrayapp.entity.ArrayEntity - ArrayEntity created
2026-03-31 15:11:31.128 [main] INFO  org.partapp.arrayapp.service.impl.ArrayEntityOperationImpl - Get max
2026-03-31 15:11:31.128 [main] INFO  org.partapp.arrayapp.entity.ArrayEntity - Get element
2026-03-31 15:11:31.129 [main] INFO  org.partapp.arrayapp.entity.ArrayEntity - Get size
2026-03-31 15:11:31.129 [main] INFO  org.partapp.arrayapp.entity.ArrayEntity - Get size
2026-03-31 15:11:31.129 [main] INFO  org.partapp.arrayapp.entity.ArrayEntity - Get element
2026-03-31 15:11:31.129 [main] INFO  org.partapp.arrayapp.entity.ArrayEntity - Get size
2026-03-31 15:11:31.129 [main] INFO  org.partapp.arrayapp.entity.ArrayEntity - Get element
2026-03-31 15:11:31.129 [main] INFO  org.partapp.arrayapp.entity.ArrayEntity - Get size
2026-03-31 15:11:31.129 [main] INFO  org.partapp.arrayapp.entity.ArrayEntity - Get size
2026-03-31 15:11:31.129 [main] INFO  org.partapp.arrayapp.entity.ArrayEntity - Get element
2026-03-31 15:11:31.129 [main] INFO  org.partapp.arrayapp.entity.ArrayEntity - Get size
2026-03-31 15:11:31.129 [main] INFO  org.partapp.arrayapp.entity.ArrayEntity - Get element
2026-03-31 15:11:31.129 [main] INFO  org.partapp.arrayapp.entity.ArrayEntity - Get size
2026-03-31 15:11:31.129 [main] INFO  org.partapp.arrayapp.entity.ArrayEntity - Get size
2026-03-31 15:11:31.129 [main] INFO  org.partapp.arrayapp.entity.ArrayEntity - Get element
2026-03-31 15:11:31.129 [main] INFO  org.partapp.arrayapp.entity.ArrayEntity - Get size
2026-03-31 15:11:31.130 [main] INFO  org.partapp.arrayapp.entity.ArrayEntity - Get size
2026-03-31 15:11:31.130 [main] INFO  org.partapp.arrayapp.entity.ArrayEntity - Get element
2026-03-31 15:11:31.130 [main] INFO  org.partapp.arrayapp.entity.ArrayEntity - Get size
2026-03-31 15:11:31.130 [main] INFO  org.partapp.arrayapp.entity.ArrayEntity - Get size
2026-03-31 15:11:31.130 [main] INFO  org.partapp.arrayapp.entity.ArrayEntity - Get element
2026-03-31 15:11:31.130 [main] INFO  org.partapp.arrayapp.entity.ArrayEntity - Get size
2026-03-31 15:11:31.130 [main] INFO  org.partapp.arrayapp.entity.ArrayEntity - Get size
2026-03-31 15:11:31.137 [main] INFO  org.partapp.arrayapp.entity.ArrayEntity - Notify Observers
2026-03-31 15:11:31.137 [main] INFO  org.partapp.arrayapp.entity.ArrayEntity - ArrayEntity created
2026-03-31 15:11:31.138 [main] INFO  org.partapp.arrayapp.service.impl.ArrayEntityOperationImpl - Get min
2026-03-31 15:11:31.138 [main] INFO  org.partapp.arrayapp.entity.ArrayEntity - Get element
2026-03-31 15:11:31.138 [main] INFO  org.partapp.arrayapp.entity.ArrayEntity - Get size
2026-03-31 15:11:31.138 [main] INFO  org.partapp.arrayapp.entity.ArrayEntity - Get size
2026-03-31 15:11:31.138 [main] INFO  org.partapp.arrayapp.entity.ArrayEntity - Get element
2026-03-31 15:11:31.138 [main] INFO  org.partapp.arrayapp.entity.ArrayEntity - Get size
2026-03-31 15:11:31.138 [main] INFO  org.partapp.arrayapp.entity.ArrayEntity - Get size
2026-03-31 15:11:31.138 [main] INFO  org.partapp.arrayapp.entity.ArrayEntity - Get element
2026-03-31 15:11:31.138 [main] INFO  org.partapp.arrayapp.entity.ArrayEntity - Get size
2026-03-31 15:11:31.138 [main] INFO  org.partapp.arrayapp.entity.ArrayEntity - Get size
2026-03-31 15:11:31.138 [main] INFO  org.partapp.arrayapp.entity.ArrayEntity - Get element
2026-03-31 15:11:31.138 [main] INFO  org.partapp.arrayapp.entity.ArrayEntity - Get size
2026-03-31 15:11:31.139 [main] INFO  org.partapp.arrayapp.entity.ArrayEntity - Get element
2026-03-31 15:11:31.139 [main] INFO  org.partapp.arrayapp.entity.ArrayEntity - Get size
2026-03-31 15:11:31.139 [main] INFO  org.partapp.arrayapp.entity.ArrayEntity - Get size
2026-03-31 15:11:31.139 [main] INFO  org.partapp.arrayapp.entity.ArrayEntity - Get element
2026-03-31 15:11:31.139 [main] INFO  org.partapp.arrayapp.entity.ArrayEntity - Get size
2026-03-31 15:11:31.139 [main] INFO  org.partapp.arrayapp.entity.ArrayEntity - Get size
2026-03-31 15:11:31.139 [main] INFO  org.partapp.arrayapp.entity.ArrayEntity - Get element
2026-03-31 15:11:31.139 [main] INFO  org.partapp.arrayapp.entity.ArrayEntity - Get size
2026-03-31 15:11:31.139 [main] INFO  org.partapp.arrayapp.entity.ArrayEntity - Get size
2026-03-31 15:11:31.141 [main] INFO  org.partapp.arrayapp.entity.ArrayEntity - Notify Observers
2026-03-31 15:11:31.141 [main] INFO  org.partapp.arrayapp.entity.ArrayEntity - ArrayEntity created
2026-03-31 15:11:31.141 [main] INFO  org.partapp.arrayapp.service.impl.ArrayEntityOperationImpl - Get sum
2026-03-31 15:11:31.141 [main] INFO  org.partapp.arrayapp.entity.ArrayEntity - Get size
2026-03-31 15:11:31.141 [main] INFO  org.partapp.arrayapp.entity.ArrayEntity - Get element
2026-03-31 15:11:31.142 [main] INFO  org.partapp.arrayapp.entity.ArrayEntity - Get size
2026-03-31 15:11:31.142 [main] INFO  org.partapp.arrayapp.entity.ArrayEntity - Get size
2026-03-31 15:11:31.142 [main] INFO  org.partapp.arrayapp.entity.ArrayEntity - Get element
2026-03-31 15:11:31.142 [main] INFO  org.partapp.arrayapp.entity.ArrayEntity - Get size
2026-03-31 15:11:31.142 [main] INFO  org.partapp.arrayapp.entity.ArrayEntity - Get size
2026-03-31 15:11:31.142 [main] INFO  org.partapp.arrayapp.entity.ArrayEntity - Get element
2026-03-31 15:11:31.142 [main] INFO  org.partapp.arrayapp.entity.ArrayEntity - Get size
2026-03-31 15:11:31.142 [main] INFO  org.partapp.arrayapp.entity.ArrayEntity - Get size
2026-03-31 15:11:31.142 [main] INFO  org.partapp.arrayapp.entity.ArrayEntity - Get element
2026-03-31 15:11:31.142 [main] INFO  org.partapp.arrayapp.entity.ArrayEntity - Get size
2026-03-31 15:11:31.142 [main] INFO  org.partapp.arrayapp.entity.ArrayEntity - Get size
2026-03-31 15:11:31.143 [main] INFO  org.partapp.arrayapp.entity.ArrayEntity - Get element
2026-03-31 15:11:31.143 [main] INFO  org.partapp.arrayapp.entity.ArrayEntity - Get size
2026-03-31 15:11:31.143 [main] INFO  org.partapp.arrayapp.entity.ArrayEntity - Get size
2026-03-31 15:11:31.143 [main] INFO  org.partapp.arrayapp.entity.ArrayEntity - Get element
2026-03-31 15:11:31.143 [main] INFO  org.partapp.arrayapp.entity.ArrayEntity - Get size
2026-03-31 15:11:31.143 [main] INFO  org.partapp.arrayapp.entity.ArrayEntity - Get size
2026-03-31 15:11:31.144 [main] INFO  org.partapp.arrayapp.entity.ArrayEntity - Notify Observers
2026-03-31 15:11:31.145 [main] INFO  org.partapp.arrayapp.entity.ArrayEntity - ArrayEntity created
2026-03-31 15:11:31.145 [main] INFO  org.partapp.arrayapp.service.impl.ArrayEntityOperationImpl - Get average
2026-03-31 15:11:31.145 [main] INFO  org.partapp.arrayapp.service.impl.ArrayEntityOperationImpl - Get sum
2026-03-31 15:11:31.145 [main] INFO  org.partapp.arrayapp.entity.ArrayEntity - Get size
2026-03-31 15:11:31.145 [main] INFO  org.partapp.arrayapp.entity.ArrayEntity - Get element
2026-03-31 15:11:31.145 [main] INFO  org.partapp.arrayapp.entity.ArrayEntity - Get size
2026-03-31 15:11:31.145 [main] INFO  org.partapp.arrayapp.entity.ArrayEntity - Get size
2026-03-31 15:11:31.145 [main] INFO  org.partapp.arrayapp.entity.ArrayEntity - Get element
2026-03-31 15:11:31.145 [main] INFO  org.partapp.arrayapp.entity.ArrayEntity - Get size
2026-03-31 15:11:31.145 [main] INFO  org.partapp.arrayapp.entity.ArrayEntity - Get size
2026-03-31 15:11:31.145 [main] INFO  org.partapp.arrayapp.entity.ArrayEntity - Get element
2026-03-31 15:11:31.145 [main] INFO  org.partapp.arrayapp.entity.ArrayEntity - Get size
2026-03-31 15:11:31.146 [main] INFO  org.partapp.arrayapp.entity.ArrayEntity - Get size
2026-03-31 15:11:31.146 [main] INFO  org.partapp.arrayapp.entity.ArrayEntity - Get element
2026-03-31 15:11:31.146 [main] INFO  org.partapp.arrayapp.entity.ArrayEntity - Get size
2026-03-31 15:11:31.146 [main] INFO  org.partapp.arrayapp.entity.ArrayEntity - Get size
2026-03-31 15:11:31.146 [main] INFO  org.partapp.arrayapp.entity.ArrayEntity - Get element
2026-03-31 15:11:31.146 [main] INFO  org.partapp.arrayapp.entity.ArrayEntity - Get size
2026-03-31 15:11:31.146 [main] INFO  org.partapp.arrayapp.entity.ArrayEntity - Get size
2026-03-31 15:11:31.146 [main] INFO  org.partapp.arrayapp.entity.ArrayEntity - Get element
2026-03-31 15:11:31.146 [main] INFO  org.partapp.arrayapp.entity.ArrayEntity - Get size
2026-03-31 15:11:31.146 [main] INFO  org.partapp.arrayapp.entity.ArrayEntity - Get size
2026-03-31 15:11:31.146 [main] INFO  org.partapp.arrayapp.entity.ArrayEntity - Get size
2026-03-31 15:11:37.801 [main] INFO  org.partapp.arrayapp.entity.ArrayEntity - Notify Observers
2026-03-31 15:11:37.802 [main] INFO  org.partapp.arrayapp.entity.ArrayEntity - ArrayEntity created
2026-03-31 15:11:37.804 [main] INFO  org.partapp.arrayapp.service.impl.ArrayEntitySortImpl - Selection sorting
2026-03-31 15:11:37.804 [main] INFO  org.partapp.arrayapp.entity.ArrayEntity - Get size
2026-03-31 15:11:37.804 [main] INFO  org.partapp.arrayapp.entity.ArrayEntity - Get size
2026-03-31 15:11:37.804 [main] INFO  org.partapp.arrayapp.entity.ArrayEntity - Get size
2026-03-31 15:11:37.804 [main] INFO  org.partapp.arrayapp.entity.ArrayEntity - Get element
2026-03-31 15:11:37.804 [main] INFO  org.partapp.arrayapp.entity.ArrayEntity - Get size
2026-03-31 15:11:37.804 [main] INFO  org.partapp.arrayapp.entity.ArrayEntity - Get element
2026-03-31 15:11:37.804 [main] INFO  org.partapp.arrayapp.entity.ArrayEntity - Get size
2026-03-31 15:11:37.804 [main] INFO  org.partapp.arrayapp.entity.ArrayEntity - Get size
2026-03-31 15:11:37.804 [main] INFO  org.partapp.arrayapp.entity.ArrayEntity - Get element
2026-03-31 15:11:37.804 [main] INFO  org.partapp.arrayapp.entity.ArrayEntity - Get size
2026-03-31 15:11:37.804 [main] INFO  org.partapp.arrayapp.entity.ArrayEntity - Get element
2026-03-31 15:11:37.804 [main] INFO  org.partapp.arrayapp.entity.ArrayEntity - Get size
2026-03-31 15:11:37.805 [main] INFO  org.partapp.arrayapp.entity.ArrayEntity - Get size
2026-03-31 15:11:37.805 [main] INFO  org.partapp.arrayapp.entity.ArrayEntity - Get element
2026-03-31 15:11:37.805 [main] INFO  org.partapp.arrayapp.entity.ArrayEntity - Get size
2026-03-31 15:11:37.805 [main] INFO  org.partapp.arrayapp.entity.ArrayEntity - Get element
2026-03-31 15:11:37.805 [main] INFO  org.partapp.arrayapp.entity.ArrayEntity - Get size
2026-03-31 15:11:37.805 [main] INFO  org.partapp.arrayapp.entity.ArrayEntity - Get size
2026-03-31 15:11:37.805 [main] INFO  org.partapp.arrayapp.entity.ArrayEntity - Get element
2026-03-31 15:11:37.805 [main] INFO  org.partapp.arrayapp.entity.ArrayEntity - Get size
2026-03-31 15:11:37.805 [main] INFO  org.partapp.arrayapp.entity.ArrayEntity - Get element
2026-03-31 15:11:37.805 [main] INFO  org.partapp.arrayapp.entity.ArrayEntity - Get size
2026-03-31 15:11:37.805 [main] INFO  org.partapp.arrayapp.entity.ArrayEntity - Get size
2026-03-31 15:11:37.806 [main] INFO  org.partapp.arrayapp.entity.ArrayEntity - Get element
2026-03-31 15:11:37.806 [main] INFO  org.partapp.arrayapp.entity.ArrayEntity - Get size
2026-03-31 15:11:37.806 [main] INFO  org.partapp.arrayapp.entity.ArrayEntity - Get element
2026-03-31 15:11:37.806 [main] INFO  org.partapp.arrayapp.entity.ArrayEntity - Get size
2026-03-31 15:11:37.806 [main] INFO  org.partapp.arrayapp.entity.ArrayEntity - Get size
2026-03-31 15:11:37.806 [main] INFO  org.partapp.arrayapp.entity.ArrayEntity - Get element
2026-03-31 15:11:37.806 [main] INFO  org.partapp.arrayapp.entity.ArrayEntity - Get size
2026-03-31 15:11:37.806 [main] INFO  org.partapp.arrayapp.entity.ArrayEntity - Get element
2026-03-31 15:11:37.806 [main] INFO  org.partapp.arrayapp.entity.ArrayEntity - Get size
2026-03-31 15:11:37.806 [main] INFO  org.partapp.arrayapp.entity.ArrayEntity - Get size
2026-03-31 15:11:37.806 [main] INFO  org.partapp.arrayapp.entity.ArrayEntity - Set id
2026-03-31 15:11:37.806 [main] INFO  org.partapp.arrayapp.entity.ArrayEntity - Notify Observers
2026-03-31 15:11:37.807 [main] INFO  org.partapp.arrayapp.entity.ArrayEntity - Get size
2026-03-31 15:11:37.807 [main] INFO  org.partapp.arrayapp.entity.ArrayEntity - Set id
2026-03-31 15:11:37.807 [main] INFO  org.partapp.arrayapp.entity.ArrayEntity - Notify Observers
2026-03-31 15:11:37.807 [main] INFO  org.partapp.arrayapp.entity.ArrayEntity - Get size
2026-03-31 15:11:37.807 [main] INFO  org.partapp.arrayapp.entity.ArrayEntity - Get size
2026-03-31 15:11:37.807 [main] INFO  org.partapp.arrayapp.entity.ArrayEntity - Get element
2026-03-31 15:11:37.807 [main] INFO  org.partapp.arrayapp.entity.ArrayEntity - Get size
2026-03-31 15:11:37.807 [main] INFO  org.partapp.arrayapp.entity.ArrayEntity - Get element
2026-03-31 15:11:37.807 [main] INFO  org.partapp.arrayapp.entity.ArrayEntity - Get size
2026-03-31 15:11:37.807 [main] INFO  org.partapp.arrayapp.entity.ArrayEntity - Get size
2026-03-31 15:11:37.807 [main] INFO  org.partapp.arrayapp.entity.ArrayEntity - Get element
2026-03-31 15:11:37.807 [main] INFO  org.partapp.arrayapp.entity.ArrayEntity - Get size
2026-03-31 15:11:37.808 [main] INFO  org.partapp.arrayapp.entity.ArrayEntity - Get element
2026-03-31 15:11:37.808 [main] INFO  org.partapp.arrayapp.entity.ArrayEntity - Get size
2026-03-31 15:11:37.808 [main] INFO  org.partapp.arrayapp.entity.ArrayEntity - Get size
2026-03-31 15:11:37.808 [main] INFO  org.partapp.arrayapp.entity.ArrayEntity - Get element
2026-03-31 15:11:37.808 [main] INFO  org.partapp.arrayapp.entity.ArrayEntity - Get size
2026-03-31 15:11:37.808 [main] INFO  org.partapp.arrayapp.entity.ArrayEntity - Get element
2026-03-31 15:11:37.808 [main] INFO  org.partapp.arrayapp.entity.ArrayEntity - Get size
2026-03-31 15:11:37.808 [main] INFO  org.partapp.arrayapp.entity.ArrayEntity - Get size
2026-03-31 15:11:37.808 [main] INFO  org.partapp.arrayapp.entity.ArrayEntity - Get element
2026-03-31 15:11:37.808 [main] INFO  org.partapp.arrayapp.entity.ArrayEntity - Get size
2026-03-31 15:11:37.808 [main] INFO  org.partapp.arrayapp.entity.ArrayEntity - Get element
2026-03-31 15:11:37.808 [main] INFO  org.partapp.arrayapp.entity.ArrayEntity - Get size
2026-03-31 15:11:37.808 [main] INFO  org.partapp.arrayapp.entity.ArrayEntity - Get size
2026-03-31 15:11:37.809 [main] INFO  org.partapp.arrayapp.entity.ArrayEntity - Get element
2026-03-31 15:11:37.809 [main] INFO  org.partapp.arrayapp.entity.ArrayEntity - Get size
2026-03-31 15:11:37.809 [main] INFO  org.partapp.arrayapp.entity.ArrayEntity - Get element
2026-03-31 15:11:37.809 [main] INFO  org.partapp.arrayapp.entity.ArrayEntity - Get size
2026-03-31 15:11:37.809 [main] INFO  org.partapp.arrayapp.entity.ArrayEntity - Get size
2026-03-31 15:11:37.809 [main] INFO  org.partapp.arrayapp.entity.ArrayEntity - Set id
2026-03-31 15:11:37.809 [main] INFO  org.partapp.arrayapp.entity.ArrayEntity - Notify Observers
2026-03-31 15:11:37.809 [main] INFO  org.partapp.arrayapp.entity.ArrayEntity - Get size
2026-03-31 15:11:37.809 [main] INFO  org.partapp.arrayapp.entity.ArrayEntity - Set id
2026-03-31 15:11:37.809 [main] INFO  org.partapp.arrayapp.entity.ArrayEntity - Notify Observers
2026-03-31 15:11:37.809 [main] INFO  org.partapp.arrayapp.entity.ArrayEntity - Get size
2026-03-31 15:11:37.809 [main] INFO  org.partapp.arrayapp.entity.ArrayEntity - Get size
2026-03-31 15:11:37.809 [main] INFO  org.partapp.arrayapp.entity.ArrayEntity - Get element
2026-03-31 15:11:37.809 [main] INFO  org.partapp.arrayapp.entity.ArrayEntity - Get size
2026-03-31 15:11:37.809 [main] INFO  org.partapp.arrayapp.entity.ArrayEntity - Get element
2026-03-31 15:11:37.809 [main] INFO  org.partapp.arrayapp.entity.ArrayEntity - Get size
2026-03-31 15:11:37.810 [main] INFO  org.partapp.arrayapp.entity.ArrayEntity - Get size
2026-03-31 15:11:37.810 [main] INFO  org.partapp.arrayapp.entity.ArrayEntity - Get element
2026-03-31 15:11:37.810 [main] INFO  org.partapp.arrayapp.entity.ArrayEntity - Get size
2026-03-31 15:11:37.810 [main] INFO  org.partapp.arrayapp.entity.ArrayEntity - Get element
2026-03-31 15:11:37.810 [main] INFO  org.partapp.arrayapp.entity.ArrayEntity - Get size
2026-03-31 15:11:37.810 [main] INFO  org.partapp.arrayapp.entity.ArrayEntity - Get size
2026-03-31 15:11:37.810 [main] INFO  org.partapp.arrayapp.entity.ArrayEntity - Get element
2026-03-31 15:11:37.810 [main] INFO  org.partapp.arrayapp.entity.ArrayEntity - Get size
2026-03-31 15:11:37.810 [main] INFO  org.partapp.arrayapp.entity.ArrayEntity - Get element
2026-03-31 15:11:37.810 [main] INFO  org.partapp.arrayapp.entity.ArrayEntity - Get size
2026-03-31 15:11:37.810 [main] INFO  org.partapp.arrayapp.entity.ArrayEntity - Get size
2026-03-31 15:11:37.810 [main] INFO  org.partapp.arrayapp.entity.ArrayEntity - Get element
2026-03-31 15:11:37.810 [main] INFO  org.partapp.arrayapp.entity.ArrayEntity - Get size
2026-03-31 15:11:37.810 [main] INFO  org.partapp.arrayapp.entity.ArrayEntity - Get element
2026-03-31 15:11:37.810 [main] INFO  org.partapp.arrayapp.entity.ArrayEntity - Get size
2026-03-31 15:11:37.810 [main] INFO  org.partapp.arrayapp.entity.ArrayEntity - Get size
2026-03-31 15:11:37.810 [main] INFO  org.partapp.arrayapp.entity.ArrayEntity - Set id
2026-03-31 15:11:37.810 [main] INFO  org.partapp.arrayapp.entity.ArrayEntity - Notify Observers
2026-03-31 15:11:37.811 [main] INFO  org.partapp.arrayapp.entity.ArrayEntity - Get size
2026-03-31 15:11:37.811 [main] INFO  org.partapp.arrayapp.entity.ArrayEntity - Set id
2026-03-31 15:11:37.811 [main] INFO  org.partapp.arrayapp.entity.ArrayEntity - Notify Observers
2026-03-31 15:11:37.811 [main] INFO  org.partapp.arrayapp.entity.ArrayEntity - Get size
2026-03-31 15:11:37.811 [main] INFO  org.partapp.arrayapp.entity.ArrayEntity - Get size
2026-03-31 15:11:37.811 [main] INFO  org.partapp.arrayapp.entity.ArrayEntity - Get element
2026-03-31 15:11:37.811 [main] INFO  org.partapp.arrayapp.entity.ArrayEntity - Get size
2026-03-31 15:11:37.811 [main] INFO  org.partapp.arrayapp.entity.ArrayEntity - Get element
2026-03-31 15:11:37.811 [main] INFO  org.partapp.arrayapp.entity.ArrayEntity - Get size
2026-03-31 15:11:37.811 [main] INFO  org.partapp.arrayapp.entity.ArrayEntity - Get size
2026-03-31 15:11:37.811 [main] INFO  org.partapp.arrayapp.entity.ArrayEntity - Get element
2026-03-31 15:11:37.811 [main] INFO  org.partapp.arrayapp.entity.ArrayEntity - Get size
2026-03-31 15:11:37.811 [main] INFO  org.partapp.arrayapp.entity.ArrayEntity - Get element
2026-03-31 15:11:37.811 [main] INFO  org.partapp.arrayapp.entity.ArrayEntity - Get size
2026-03-31 15:11:37.811 [main] INFO  org.partapp.arrayapp.entity.ArrayEntity - Get size
2026-03-31 15:11:37.811 [main] INFO  org.partapp.arrayapp.entity.ArrayEntity - Get element
2026-03-31 15:11:37.811 [main] INFO  org.partapp.arrayapp.entity.ArrayEntity - Get size
2026-03-31 15:11:37.812 [main] INFO  org.partapp.arrayapp.entity.ArrayEntity - Get element
2026-03-31 15:11:37.812 [main] INFO  org.partapp.arrayapp.entity.ArrayEntity - Get size
2026-03-31 15:11:37.812 [main] INFO  org.partapp.arrayapp.entity.ArrayEntity - Get size
2026-03-31 15:11:37.812 [main] INFO  org.partapp.arrayapp.entity.ArrayEntity - Set id
2026-03-31 15:11:37.812 [main] INFO  org.partapp.arrayapp.entity.ArrayEntity - Notify Observers
2026-03-31 15:11:37.812 [main] INFO  org.partapp.arrayapp.entity.ArrayEntity - Get size
2026-03-31 15:11:37.812 [main] INFO  org.partapp.arrayapp.entity.ArrayEntity - Set id
2026-03-31 15:11:37.812 [main] INFO  org.partapp.arrayapp.entity.ArrayEntity - Notify Observers
2026-03-31 15:11:37.812 [main] INFO  org.partapp.arrayapp.entity.ArrayEntity - Get size
2026-03-31 15:11:37.812 [main] INFO  org.partapp.arrayapp.entity.ArrayEntity - Get size
2026-03-31 15:11:37.812 [main] INFO  org.partapp.arrayapp.entity.ArrayEntity - Get element
2026-03-31 15:11:37.812 [main] INFO  org.partapp.arrayapp.entity.ArrayEntity - Get size
2026-03-31 15:11:37.812 [main] INFO  org.partapp.arrayapp.entity.ArrayEntity - Get element
2026-03-31 15:11:37.812 [main] INFO  org.partapp.arrayapp.entity.ArrayEntity - Get size
2026-03-31 15:11:37.812 [main] INFO  org.partapp.arrayapp.entity.ArrayEntity - Get size
2026-03-31 15:11:37.812 [main] INFO  org.partapp.arrayapp.entity.ArrayEntity - Get size
2026-03-31 15:11:37.813 [main] INFO  org.partapp.arrayapp.entity.ArrayEntity - Get element
2026-03-31 15:11:37.813 [main] INFO  org.partapp.arrayapp.entity.ArrayEntity - Get size
2026-03-31 15:11:37.814 [main] INFO  org.partapp.arrayapp.entity.ArrayEntity - Get element
2026-03-31 15:11:37.814 [main] INFO  org.partapp.arrayapp.entity.ArrayEntity - Get size
2026-03-31 15:11:37.814 [main] INFO  org.partapp.arrayapp.entity.ArrayEntity - Get element
2026-03-31 15:11:37.814 [main] INFO  org.partapp.arrayapp.entity.ArrayEntity - Get size
2026-03-31 15:11:37.814 [main] INFO  org.partapp.arrayapp.entity.ArrayEntity - Get element
2026-03-31 15:11:37.814 [main] INFO  org.partapp.arrayapp.entity.ArrayEntity - Get size
2026-03-31 15:11:37.814 [main] INFO  org.partapp.arrayapp.entity.ArrayEntity - Get element
2026-03-31 15:11:37.814 [main] INFO  org.partapp.arrayapp.entity.ArrayEntity - Get size
2026-03-31 15:11:37.814 [main] INFO  org.partapp.arrayapp.entity.ArrayEntity - Get element
2026-03-31 15:11:37.814 [main] INFO  org.partapp.arrayapp.entity.ArrayEntity - Get size
2026-03-31 15:11:37.821 [main] INFO  org.partapp.arrayapp.entity.ArrayEntity - Notify Observers
2026-03-31 15:11:37.821 [main] INFO  org.partapp.arrayapp.entity.ArrayEntity - ArrayEntity created
2026-03-31 15:11:37.821 [main] INFO  org.partapp.arrayapp.service.impl.ArrayEntitySortImpl - Bubble sorting
2026-03-31 15:11:37.821 [main] INFO  org.partapp.arrayapp.entity.ArrayEntity - Get size
2026-03-31 15:11:37.821 [main] INFO  org.partapp.arrayapp.entity.ArrayEntity - Get size
2026-03-31 15:11:37.821 [main] INFO  org.partapp.arrayapp.entity.ArrayEntity - Get size
2026-03-31 15:11:37.821 [main] INFO  org.partapp.arrayapp.entity.ArrayEntity - Get element
2026-03-31 15:11:37.821 [main] INFO  org.partapp.arrayapp.entity.ArrayEntity - Get size
2026-03-31 15:11:37.821 [main] INFO  org.partapp.arrayapp.entity.ArrayEntity - Get element
2026-03-31 15:11:37.822 [main] INFO  org.partapp.arrayapp.entity.ArrayEntity - Get size
2026-03-31 15:11:37.822 [main] INFO  org.partapp.arrayapp.entity.ArrayEntity - Get size
2026-03-31 15:11:37.822 [main] INFO  org.partapp.arrayapp.entity.ArrayEntity - Get element
2026-03-31 15:11:37.822 [main] INFO  org.partapp.arrayapp.entity.ArrayEntity - Get size
2026-03-31 15:11:37.822 [main] INFO  org.partapp.arrayapp.entity.ArrayEntity - Get element
2026-03-31 15:11:37.822 [main] INFO  org.partapp.arrayapp.entity.ArrayEntity - Get size
2026-03-31 15:11:37.822 [main] INFO  org.partapp.arrayapp.entity.ArrayEntity - Get size
2026-03-31 15:11:37.822 [main] INFO  org.partapp.arrayapp.entity.ArrayEntity - Get element
2026-03-31 15:11:37.822 [main] INFO  org.partapp.arrayapp.entity.ArrayEntity - Get size
2026-03-31 15:11:37.822 [main] INFO  org.partapp.arrayapp.entity.ArrayEntity - Get element
2026-03-31 15:11:37.822 [main] INFO  org.partapp.arrayapp.entity.ArrayEntity - Get size
2026-03-31 15:11:37.822 [main] INFO  org.partapp.arrayapp.entity.ArrayEntity - Get element
2026-03-31 15:11:37.822 [main] INFO  org.partapp.arrayapp.entity.ArrayEntity - Get size
2026-03-31 15:11:37.822 [main] INFO  org.partapp.arrayapp.entity.ArrayEntity - Get element
2026-03-31 15:11:37.822 [main] INFO  org.partapp.arrayapp.entity.ArrayEntity - Get size
2026-03-31 15:11:37.822 [main] INFO  org.partapp.arrayapp.entity.ArrayEntity - Get size
2026-03-31 15:11:37.822 [main] INFO  org.partapp.arrayapp.entity.ArrayEntity - Set id
2026-03-31 15:11:37.822 [main] INFO  org.partapp.arrayapp.entity.ArrayEntity - Notify Observers
2026-03-31 15:11:37.822 [main] INFO  org.partapp.arrayapp.entity.ArrayEntity - Get size
2026-03-31 15:11:37.822 [main] INFO  org.partapp.arrayapp.entity.ArrayEntity - Set id
2026-03-31 15:11:37.823 [main] INFO  org.partapp.arrayapp.entity.ArrayEntity - Notify Observers
2026-03-31 15:11:37.823 [main] INFO  org.partapp.arrayapp.entity.ArrayEntity - Get size
2026-03-31 15:11:37.823 [main] INFO  org.partapp.arrayapp.entity.ArrayEntity - Get element
2026-03-31 15:11:37.823 [main] INFO  org.partapp.arrayapp.entity.ArrayEntity - Get size
2026-03-31 15:11:37.823 [main] INFO  org.partapp.arrayapp.entity.ArrayEntity - Get element
2026-03-31 15:11:37.823 [main] INFO  org.partapp.arrayapp.entity.ArrayEntity - Get size
2026-03-31 15:11:37.823 [main] INFO  org.partapp.arrayapp.entity.ArrayEntity - Get element
2026-03-31 15:11:37.823 [main] INFO  org.partapp.arrayapp.entity.ArrayEntity - Get size
2026-03-31 15:11:37.823 [main] INFO  org.partapp.arrayapp.entity.ArrayEntity - Get element
2026-03-31 15:11:37.823 [main] INFO  org.partapp.arrayapp.entity.ArrayEntity - Get size
2026-03-31 15:11:37.823 [main] INFO  org.partapp.arrayapp.entity.ArrayEntity - Get size
2026-03-31 15:11:37.823 [main] INFO  org.partapp.arrayapp.entity.ArrayEntity - Set id
2026-03-31 15:11:37.823 [main] INFO  org.partapp.arrayapp.entity.ArrayEntity - Notify Observers
2026-03-31 15:11:37.823 [main] INFO  org.partapp.arrayapp.entity.ArrayEntity - Get size
2026-03-31 15:11:37.823 [main] INFO  org.partapp.arrayapp.entity.ArrayEntity - Set id
2026-03-31 15:11:37.823 [main] INFO  org.partapp.arrayapp.entity.ArrayEntity - Notify Observers
2026-03-31 15:11:37.824 [main] INFO  org.partapp.arrayapp.entity.ArrayEntity - Get size
2026-03-31 15:11:37.824 [main] INFO  org.partapp.arrayapp.entity.ArrayEntity - Get element
2026-03-31 15:11:37.824 [main] INFO  org.partapp.arrayapp.entity.ArrayEntity - Get size
2026-03-31 15:11:37.824 [main] INFO  org.partapp.arrayapp.entity.ArrayEntity - Get element
2026-03-31 15:11:37.824 [main] INFO  org.partapp.arrayapp.entity.ArrayEntity - Get size
2026-03-31 15:11:37.824 [main] INFO  org.partapp.arrayapp.entity.ArrayEntity - Get element
2026-03-31 15:11:37.824 [main] INFO  org.partapp.arrayapp.entity.ArrayEntity - Get size
2026-03-31 15:11:37.824 [main] INFO  org.partapp.arrayapp.entity.ArrayEntity - Get element
2026-03-31 15:11:37.824 [main] INFO  org.partapp.arrayapp.entity.ArrayEntity - Get size
2026-03-31 15:11:37.824 [main] INFO  org.partapp.arrayapp.entity.ArrayEntity - Get size
2026-03-31 15:11:37.824 [main] INFO  org.partapp.arrayapp.entity.ArrayEntity - Set id
2026-03-31 15:11:37.824 [main] INFO  org.partapp.arrayapp.entity.ArrayEntity - Notify Observers
2026-03-31 15:11:37.824 [main] INFO  org.partapp.arrayapp.entity.ArrayEntity - Get size
2026-03-31 15:11:37.824 [main] INFO  org.partapp.arrayapp.entity.ArrayEntity - Set id
2026-03-31 15:11:37.824 [main] INFO  org.partapp.arrayapp.entity.ArrayEntity - Notify Observers
2026-03-31 15:11:37.824 [main] INFO  org.partapp.arrayapp.entity.ArrayEntity - Get size
2026-03-31 15:11:37.824 [main] INFO  org.partapp.arrayapp.entity.ArrayEntity - Get size
2026-03-31 15:11:37.824 [main] INFO  org.partapp.arrayapp.entity.ArrayEntity - Get size
2026-03-31 15:11:37.825 [main] INFO  org.partapp.arrayapp.entity.ArrayEntity - Get element
2026-03-31 15:11:37.825 [main] INFO  org.partapp.arrayapp.entity.ArrayEntity - Get size
2026-03-31 15:11:37.825 [main] INFO  org.partapp.arrayapp.entity.ArrayEntity - Get element
2026-03-31 15:11:37.825 [main] INFO  org.partapp.arrayapp.entity.ArrayEntity - Get size
2026-03-31 15:11:37.825 [main] INFO  org.partapp.arrayapp.entity.ArrayEntity - Get size
2026-03-31 15:11:37.825 [main] INFO  org.partapp.arrayapp.entity.ArrayEntity - Get element
2026-03-31 15:11:37.825 [main] INFO  org.partapp.arrayapp.entity.ArrayEntity - Get size
2026-03-31 15:11:37.825 [main] INFO  org.partapp.arrayapp.entity.ArrayEntity - Get element
2026-03-31 15:11:37.825 [main] INFO  org.partapp.arrayapp.entity.ArrayEntity - Get size
2026-03-31 15:11:37.825 [main] INFO  org.partapp.arrayapp.entity.ArrayEntity - Get element
2026-03-31 15:11:37.825 [main] INFO  org.partapp.arrayapp.entity.ArrayEntity - Get size
2026-03-31 15:11:37.825 [main] INFO  org.partapp.arrayapp.entity.ArrayEntity - Get element
2026-03-31 15:11:37.825 [main] INFO  org.partapp.arrayapp.entity.ArrayEntity - Get size
2026-03-31 15:11:37.825 [main] INFO  org.partapp.arrayapp.entity.ArrayEntity - Get size
2026-03-31 15:11:37.825 [main] INFO  org.partapp.arrayapp.entity.ArrayEntity - Set id
2026-03-31 15:11:37.825 [main] INFO  org.partapp.arrayapp.entity.ArrayEntity - Notify Observers
2026-03-31 15:11:37.825 [main] INFO  org.partapp.arrayapp.entity.ArrayEntity - Get size
2026-03-31 15:11:37.825 [main] INFO  org.partapp.arrayapp.entity.ArrayEntity - Set id
2026-03-31 15:11:37.825 [main] INFO  org.partapp.arrayapp.entity.ArrayEntity - Notify Observers
2026-03-31 15:11:37.825 [main] INFO  org.partapp.arrayapp.entity.ArrayEntity - Get size
2026-03-31 15:11:37.825 [main] INFO  org.partapp.arrayapp.entity.ArrayEntity - Get element
2026-03-31 15:11:37.825 [main] INFO  org.partapp.arrayapp.entity.ArrayEntity - Get size
2026-03-31 15:11:37.825 [main] INFO  org.partapp.arrayapp.entity.ArrayEntity - Get element
2026-03-31 15:11:37.825 [main] INFO  org.partapp.arrayapp.entity.ArrayEntity - Get size
2026-03-31 15:11:37.826 [main] INFO  org.partapp.arrayapp.entity.ArrayEntity - Get size
2026-03-31 15:11:37.826 [main] INFO  org.partapp.arrayapp.entity.ArrayEntity - Get element
2026-03-31 15:11:37.826 [main] INFO  org.partapp.arrayapp.entity.ArrayEntity - Get size
2026-03-31 15:11:37.826 [main] INFO  org.partapp.arrayapp.entity.ArrayEntity - Get element
2026-03-31 15:11:37.826 [main] INFO  org.partapp.arrayapp.entity.ArrayEntity - Get size
2026-03-31 15:11:37.826 [main] INFO  org.partapp.arrayapp.entity.ArrayEntity - Get element
2026-03-31 15:11:37.826 [main] INFO  org.partapp.arrayapp.entity.ArrayEntity - Get size
2026-03-31 15:11:37.826 [main] INFO  org.partapp.arrayapp.entity.ArrayEntity - Get element
2026-03-31 15:11:37.826 [main] INFO  org.partapp.arrayapp.entity.ArrayEntity - Get size
2026-03-31 15:11:37.826 [main] INFO  org.partapp.arrayapp.entity.ArrayEntity - Get size
2026-03-31 15:11:37.826 [main] INFO  org.partapp.arrayapp.entity.ArrayEntity - Set id
2026-03-31 15:11:37.826 [main] INFO  org.partapp.arrayapp.entity.ArrayEntity - Notify Observers
2026-03-31 15:11:37.826 [main] INFO  org.partapp.arrayapp.entity.ArrayEntity - Get size
2026-03-31 15:11:37.826 [main] INFO  org.partapp.arrayapp.entity.ArrayEntity - Set id
2026-03-31 15:11:37.826 [main] INFO  org.partapp.arrayapp.entity.ArrayEntity - Notify Observers
2026-03-31 15:11:37.826 [main] INFO  org.partapp.arrayapp.entity.ArrayEntity - Get size
2026-03-31 15:11:37.826 [main] INFO  org.partapp.arrayapp.entity.ArrayEntity - Get size
2026-03-31 15:11:37.826 [main] INFO  org.partapp.arrayapp.entity.ArrayEntity - Get size
2026-03-31 15:11:37.826 [main] INFO  org.partapp.arrayapp.entity.ArrayEntity - Get element
2026-03-31 15:11:37.826 [main] INFO  org.partapp.arrayapp.entity.ArrayEntity - Get size
2026-03-31 15:11:37.827 [main] INFO  org.partapp.arrayapp.entity.ArrayEntity - Get element
2026-03-31 15:11:37.827 [main] INFO  org.partapp.arrayapp.entity.ArrayEntity - Get size
2026-03-31 15:11:37.827 [main] INFO  org.partapp.arrayapp.entity.ArrayEntity - Get element
2026-03-31 15:11:37.827 [main] INFO  org.partapp.arrayapp.entity.ArrayEntity - Get size
2026-03-31 15:11:37.827 [main] INFO  org.partapp.arrayapp.entity.ArrayEntity - Get element
2026-03-31 15:11:37.827 [main] INFO  org.partapp.arrayapp.entity.ArrayEntity - Get size
2026-03-31 15:11:37.827 [main] INFO  org.partapp.arrayapp.entity.ArrayEntity - Get size
2026-03-31 15:11:37.827 [main] INFO  org.partapp.arrayapp.entity.ArrayEntity - Set id
2026-03-31 15:11:37.827 [main] INFO  org.partapp.arrayapp.entity.ArrayEntity - Notify Observers
2026-03-31 15:11:37.827 [main] INFO  org.partapp.arrayapp.entity.ArrayEntity - Get size
2026-03-31 15:11:37.827 [main] INFO  org.partapp.arrayapp.entity.ArrayEntity - Set id
2026-03-31 15:11:37.827 [main] INFO  org.partapp.arrayapp.entity.ArrayEntity - Notify Observers
2026-03-31 15:11:37.827 [main] INFO  org.partapp.arrayapp.entity.ArrayEntity - Get size
2026-03-31 15:11:37.827 [main] INFO  org.partapp.arrayapp.entity.ArrayEntity - Get element
2026-03-31 15:11:37.827 [main] INFO  org.partapp.arrayapp.entity.ArrayEntity - Get size
2026-03-31 15:11:37.827 [main] INFO  org.partapp.arrayapp.entity.ArrayEntity - Get element
2026-03-31 15:11:37.827 [main] INFO  org.partapp.arrayapp.entity.ArrayEntity - Get size
2026-03-31 15:11:37.827 [main] INFO  org.partapp.arrayapp.entity.ArrayEntity - Get size
2026-03-31 15:11:37.828 [main] INFO  org.partapp.arrayapp.entity.ArrayEntity - Get element
2026-03-31 15:11:37.828 [main] INFO  org.partapp.arrayapp.entity.ArrayEntity - Get size
2026-03-31 15:11:37.828 [main] INFO  org.partapp.arrayapp.entity.ArrayEntity - Get element
2026-03-31 15:11:37.828 [main] INFO  org.partapp.arrayapp.entity.ArrayEntity - Get size
2026-03-31 15:11:37.828 [main] INFO  org.partapp.arrayapp.entity.ArrayEntity - Get element
2026-03-31 15:11:37.828 [main] INFO  org.partapp.arrayapp.entity.ArrayEntity - Get size
2026-03-31 15:11:37.828 [main] INFO  org.partapp.arrayapp.entity.ArrayEntity - Get element
2026-03-31 15:11:37.828 [main] INFO  org.partapp.arrayapp.entity.ArrayEntity - Get size
2026-03-31 15:11:37.828 [main] INFO  org.partapp.arrayapp.entity.ArrayEntity - Get size
2026-03-31 15:11:37.828 [main] INFO  org.partapp.arrayapp.entity.ArrayEntity - Set id
2026-03-31 15:11:37.828 [main] INFO  org.partapp.arrayapp.entity.ArrayEntity - Notify Observers
2026-03-31 15:11:37.828 [main] INFO  org.partapp.arrayapp.entity.ArrayEntity - Get size
2026-03-31 15:11:37.828 [main] INFO  org.partapp.arrayapp.entity.ArrayEntity - Set id
2026-03-31 15:11:37.828 [main] INFO  org.partapp.arrayapp.entity.ArrayEntity - Notify Observers
2026-03-31 15:11:37.828 [main] INFO  org.partapp.arrayapp.entity.ArrayEntity - Get size
2026-03-31 15:11:37.828 [main] INFO  org.partapp.arrayapp.entity.ArrayEntity - Get size
2026-03-31 15:11:37.828 [main] INFO  org.partapp.arrayapp.entity.ArrayEntity - Get size
2026-03-31 15:11:37.828 [main] INFO  org.partapp.arrayapp.entity.ArrayEntity - Get element
2026-03-31 15:11:37.828 [main] INFO  org.partapp.arrayapp.entity.ArrayEntity - Get size
2026-03-31 15:11:37.828 [main] INFO  org.partapp.arrayapp.entity.ArrayEntity - Get element
2026-03-31 15:11:37.828 [main] INFO  org.partapp.arrayapp.entity.ArrayEntity - Get size
2026-03-31 15:11:37.829 [main] INFO  org.partapp.arrayapp.entity.ArrayEntity - Get size
2026-03-31 15:11:37.829 [main] INFO  org.partapp.arrayapp.entity.ArrayEntity - Get element
2026-03-31 15:11:37.829 [main] INFO  org.partapp.arrayapp.entity.ArrayEntity - Get size
2026-03-31 15:11:37.829 [main] INFO  org.partapp.arrayapp.entity.ArrayEntity - Get element
2026-03-31 15:11:37.829 [main] INFO  org.partapp.arrayapp.entity.ArrayEntity - Get size
2026-03-31 15:11:37.829 [main] INFO  org.partapp.arrayapp.entity.ArrayEntity - Get element
2026-03-31 15:11:37.829 [main] INFO  org.partapp.arrayapp.entity.ArrayEntity - Get size
2026-03-31 15:11:37.829 [main] INFO  org.partapp.arrayapp.entity.ArrayEntity - Get element
2026-03-31 15:11:37.829 [main] INFO  org.partapp.arrayapp.entity.ArrayEntity - Get size
2026-03-31 15:11:37.829 [main] INFO  org.partapp.arrayapp.entity.ArrayEntity - Get size
2026-03-31 15:11:37.829 [main] INFO  org.partapp.arrayapp.entity.ArrayEntity - Set id
2026-03-31 15:11:37.829 [main] INFO  org.partapp.arrayapp.entity.ArrayEntity - Notify Observers
2026-03-31 15:11:37.829 [main] INFO  org.partapp.arrayapp.entity.ArrayEntity - Get size
2026-03-31 15:11:37.829 [main] INFO  org.partapp.arrayapp.entity.ArrayEntity - Set id
2026-03-31 15:11:37.829 [main] INFO  org.partapp.arrayapp.entity.ArrayEntity - Notify Observers
2026-03-31 15:11:37.829 [main] INFO  org.partapp.arrayapp.entity.ArrayEntity - Get size
2026-03-31 15:11:37.829 [main] INFO  org.partapp.arrayapp.entity.ArrayEntity - Get size
2026-03-31 15:11:37.829 [main] INFO  org.partapp.arrayapp.entity.ArrayEntity - Get size
2026-03-31 15:11:37.829 [main] INFO  org.partapp.arrayapp.entity.ArrayEntity - Get element
2026-03-31 15:11:37.829 [main] INFO  org.partapp.arrayapp.entity.ArrayEntity - Get size
2026-03-31 15:11:37.829 [main] INFO  org.partapp.arrayapp.entity.ArrayEntity - Get element
2026-03-31 15:11:37.830 [main] INFO  org.partapp.arrayapp.entity.ArrayEntity - Get size
2026-03-31 15:11:37.830 [main] INFO  org.partapp.arrayapp.entity.ArrayEntity - Get size
2026-03-31 15:11:37.830 [main] INFO  org.partapp.arrayapp.entity.ArrayEntity - Get element
2026-03-31 15:11:37.830 [main] INFO  org.partapp.arrayapp.entity.ArrayEntity - Get size
2026-03-31 15:11:37.830 [main] INFO  org.partapp.arrayapp.entity.ArrayEntity - Get element
2026-03-31 15:11:37.830 [main] INFO  org.partapp.arrayapp.entity.ArrayEntity - Get size
2026-03-31 15:11:37.830 [main] INFO  org.partapp.arrayapp.entity.ArrayEntity - Get element
2026-03-31 15:11:37.830 [main] INFO  org.partapp.arrayapp.entity.ArrayEntity - Get size
2026-03-31 15:11:37.830 [main] INFO  org.partapp.arrayapp.entity.ArrayEntity - Get element
2026-03-31 15:11:37.830 [main] INFO  org.partapp.arrayapp.entity.ArrayEntity - Get size
2026-03-31 15:11:37.830 [main] INFO  org.partapp.arrayapp.entity.ArrayEntity - Get element
2026-03-31 15:11:37.830 [main] INFO  org.partapp.arrayapp.entity.ArrayEntity - Get size
2026-03-31 15:11:37.830 [main] INFO  org.partapp.arrayapp.entity.ArrayEntity - Get element
2026-03-31 15:11:37.830 [main] INFO  org.partapp.arrayapp.entity.ArrayEntity - Get size
2026-03-31 15:11:43.864 [main] INFO  org.partapp.arrayapp.validator.impl.StringValidatorImpl - Validate string
2026-03-31 15:11:43.866 [main] WARN  org.partapp.arrayapp.validator.impl.StringValidatorImpl - String is null or blank
2026-03-31 15:11:43.873 [main] INFO  org.partapp.arrayapp.validator.impl.StringValidatorImpl - Validate string
2026-03-31 15:11:43.874 [main] WARN  org.partapp.arrayapp.validator.impl.StringValidatorImpl - String is null or blank
2026-03-31 15:11:43.875 [main] INFO  org.partapp.arrayapp.validator.impl.StringValidatorImpl - Validate string
2026-03-31 15:11:43.876 [main] INFO  org.partapp.arrayapp.validator.impl.StringValidatorImpl - String is valid
2026-03-31 15:11:43.878 [main] INFO  org.partapp.arrayapp.validator.impl.StringValidatorImpl - Validate string
2026-03-31 15:11:43.878 [main] INFO  org.partapp.arrayapp.validator.impl.StringValidatorImpl - String is valid
2026-03-31 15:11:49.277 [main] INFO  org.partapp.arrayapp.entity.ArrayEntity - Notify Observers
2026-03-31 15:11:49.278 [main] INFO  org.partapp.arrayapp.entity.ArrayEntity - ArrayEntity created
2026-03-31 15:11:49.280 [main] INFO  org.partapp.arrayapp.entity.ArrayEntity - Get id
2026-03-31 15:11:49.280 [main] INFO  org.partapp.arrayapp.warehouse.Warehouse - Put stats into warehouse
2026-03-31 15:11:49.280 [main] INFO  org.partapp.arrayapp.entity.ArrayEntity - Get id
2026-03-31 15:11:49.280 [main] INFO  org.partapp.arrayapp.warehouse.Warehouse - Get stats from warehouse
2026-03-31 15:11:49.289 [main] INFO  org.partapp.arrayapp.entity.ArrayEntity - Notify Observers
2026-03-31 15:11:49.289 [main] INFO  org.partapp.arrayapp.entity.ArrayEntity - ArrayEntity created
2026-03-31 15:11:49.289 [main] INFO  org.partapp.arrayapp.entity.ArrayEntity - Get id
2026-03-31 15:11:49.290 [main] INFO  org.partapp.arrayapp.warehouse.Warehouse - Put stats into warehouse
2026-03-31 15:11:49.290 [main] INFO  org.partapp.arrayapp.entity.ArrayEntity - Get id
2026-03-31 15:11:49.290 [main] INFO  org.partapp.arrayapp.warehouse.Warehouse - Get stats from warehouse
2026-03-31 15:11:49.291 [main] INFO  org.partapp.arrayapp.entity.ArrayEntity - Notify Observers
2026-03-31 15:11:49.291 [main] INFO  org.partapp.arrayapp.entity.ArrayEntity - ArrayEntity created
2026-03-31 15:11:49.291 [main] INFO  org.partapp.arrayapp.entity.ArrayEntity - Get id
2026-03-31 15:11:49.292 [main] INFO  org.partapp.arrayapp.warehouse.Warehouse - Put stats into warehouse
2026-03-31 15:11:49.292 [main] INFO  org.partapp.arrayapp.entity.ArrayEntity - Get id
2026-03-31 15:11:49.292 [main] INFO  org.partapp.arrayapp.warehouse.Warehouse - Remove stats from warehouse
2026-03-31 15:11:49.292 [main] INFO  org.partapp.arrayapp.entity.ArrayEntity - Get id
2026-03-31 15:11:49.292 [main] INFO  org.partapp.arrayapp.warehouse.Warehouse - Get stats from warehouse
2026-03-31 15:12:11.497 [main] INFO  org.partapp.arrayapp.parser.impl.CustomParserImpl - Parsing file
2026-03-31 15:12:11.499 [main] INFO  org.partapp.arrayapp.validator.impl.StringValidatorImpl - Validate string
2026-03-31 15:12:11.500 [main] INFO  org.partapp.arrayapp.validator.impl.StringValidatorImpl - String is valid
2026-03-31 15:12:11.515 [main] INFO  org.partapp.arrayapp.parser.impl.CustomParserImpl - Parsing file
2026-03-31 15:12:11.515 [main] INFO  org.partapp.arrayapp.validator.impl.StringValidatorImpl - Validate string
2026-03-31 15:12:11.515 [main] INFO  org.partapp.arrayapp.validator.impl.StringValidatorImpl - String is valid
2026-03-31 15:12:11.518 [main] INFO  org.partapp.arrayapp.parser.impl.CustomParserImpl - Parsing file
2026-03-31 15:12:11.518 [main] INFO  org.partapp.arrayapp.validator.impl.StringValidatorImpl - Validate string
2026-03-31 15:12:11.518 [main] INFO  org.partapp.arrayapp.validator.impl.StringValidatorImpl - String is valid
2026-03-31 15:19:41.777 [main] INFO  org.partapp.arrayapp.parser.impl.CustomParserImpl - Parsing file
2026-03-31 15:19:41.779 [main] INFO  org.partapp.arrayapp.validator.impl.StringValidatorImpl - Validate string
2026-03-31 15:19:41.779 [main] INFO  org.partapp.arrayapp.parser.impl.CustomParserImpl - Parsing failed, string is not valid
2026-03-31 15:19:41.788 [main] INFO  org.partapp.arrayapp.parser.impl.CustomParserImpl - Parsing file
2026-03-31 15:19:41.789 [main] INFO  org.partapp.arrayapp.validator.impl.StringValidatorImpl - Validate string
2026-03-31 15:19:41.789 [main] INFO  org.partapp.arrayapp.parser.impl.CustomParserImpl - Parsing failed, string is not valid
2026-03-31 15:19:41.792 [main] INFO  org.partapp.arrayapp.parser.impl.CustomParserImpl - Parsing file
2026-03-31 15:19:41.793 [main] INFO  org.partapp.arrayapp.validator.impl.StringValidatorImpl - Validate string
2026-03-31 15:19:41.793 [main] INFO  org.partapp.arrayapp.parser.impl.CustomParserImpl - Parsing failed, string is not valid
2026-03-31 15:19:55.067 [main] INFO  org.partapp.arrayapp.validator.impl.StringValidatorImpl - Validate string
2026-03-31 15:19:55.069 [main] WARN  org.partapp.arrayapp.validator.impl.StringValidatorImpl - String is null or blank
2026-03-31 15:19:55.076 [main] INFO  org.partapp.arrayapp.validator.impl.StringValidatorImpl - Validate string
2026-03-31 15:19:55.076 [main] WARN  org.partapp.arrayapp.validator.impl.StringValidatorImpl - String is null or blank
2026-03-31 15:19:55.077 [main] INFO  org.partapp.arrayapp.validator.impl.StringValidatorImpl - Validate string
2026-03-31 15:19:55.087 [main] INFO  org.partapp.arrayapp.validator.impl.StringValidatorImpl - Validate string
2026-03-31 15:20:20.981 [main] INFO  org.partapp.arrayapp.validator.impl.StringValidatorImpl - Validate string
2026-03-31 15:20:20.982 [main] WARN  org.partapp.arrayapp.validator.impl.StringValidatorImpl - String is null or blank
2026-03-31 15:20:20.989 [main] INFO  org.partapp.arrayapp.validator.impl.StringValidatorImpl - Validate string
2026-03-31 15:20:20.989 [main] WARN  org.partapp.arrayapp.validator.impl.StringValidatorImpl - String is null or blank
2026-03-31 15:20:20.991 [main] INFO  org.partapp.arrayapp.validator.impl.StringValidatorImpl - Validate string
2026-03-31 15:20:20.993 [main] INFO  org.partapp.arrayapp.validator.impl.StringValidatorImpl - Validate string
2026-03-31 15:20:52.846 [main] INFO  org.partapp.arrayapp.parser.impl.CustomParserImpl - Parsing file
2026-03-31 15:20:52.848 [main] INFO  org.partapp.arrayapp.validator.impl.StringValidatorImpl - Validate string
2026-03-31 15:20:52.861 [main] INFO  org.partapp.arrayapp.parser.impl.CustomParserImpl - Parsing file
2026-03-31 15:20:52.861 [main] INFO  org.partapp.arrayapp.validator.impl.StringValidatorImpl - Validate string
2026-03-31 15:20:52.863 [main] INFO  org.partapp.arrayapp.parser.impl.CustomParserImpl - Parsing file
2026-03-31 15:20:52.863 [main] INFO  org.partapp.arrayapp.validator.impl.StringValidatorImpl - Validate string
2026-03-31 15:23:27.388 [main] INFO  org.partapp.arrayapp.validator.impl.StringValidatorImpl - Validate string
2026-03-31 15:23:27.390 [main] WARN  org.partapp.arrayapp.validator.impl.StringValidatorImpl - String is null or blank
2026-03-31 15:23:27.399 [main] INFO  org.partapp.arrayapp.validator.impl.StringValidatorImpl - Validate string
2026-03-31 15:23:27.399 [main] WARN  org.partapp.arrayapp.validator.impl.StringValidatorImpl - String is null or blank
2026-03-31 15:23:27.401 [main] INFO  org.partapp.arrayapp.validator.impl.StringValidatorImpl - Validate string
2026-03-31 15:23:27.411 [main] INFO  org.partapp.arrayapp.validator.impl.StringValidatorImpl - Validate string
2026-03-31 15:25:54.884 [main] INFO  org.partapp.arrayapp.parser.impl.CustomParserImpl - Parsing file
2026-03-31 15:25:54.886 [main] INFO  org.partapp.arrayapp.validator.impl.StringValidatorImpl - Validate string
2026-03-31 15:25:54.898 [main] INFO  org.partapp.arrayapp.parser.impl.CustomParserImpl - Parsing file
2026-03-31 15:25:54.898 [main] INFO  org.partapp.arrayapp.validator.impl.StringValidatorImpl - Validate string
2026-03-31 15:25:54.901 [main] INFO  org.partapp.arrayapp.parser.impl.CustomParserImpl - Parsing file
2026-03-31 15:25:54.901 [main] INFO  org.partapp.arrayapp.validator.impl.StringValidatorImpl - Validate string
2026-03-31 15:26:09.092 [main] INFO  org.partapp.arrayapp.parser.impl.CustomParserImpl - Parsing string: -5 0 10 15 -20
2026-03-31 15:26:09.094 [main] INFO  org.partapp.arrayapp.validator.impl.StringValidatorImpl - Validate string
2026-03-31 15:26:09.094 [main] INFO  org.partapp.arrayapp.parser.impl.CustomParserImpl - Successfully parsed 5 numbers
2026-03-31 15:26:09.107 [main] INFO  org.partapp.arrayapp.parser.impl.CustomParserImpl - Parsing string: 1 2 3 4 5
2026-03-31 15:26:09.108 [main] INFO  org.partapp.arrayapp.validator.impl.StringValidatorImpl - Validate string
2026-03-31 15:26:09.108 [main] INFO  org.partapp.arrayapp.parser.impl.CustomParserImpl - Successfully parsed 5 numbers
2026-03-31 15:26:09.110 [main] INFO  org.partapp.arrayapp.parser.impl.CustomParserImpl - Parsing string: -1 -2 -3 -4 -5
2026-03-31 15:26:09.110 [main] INFO  org.partapp.arrayapp.validator.impl.StringValidatorImpl - Validate string
2026-03-31 15:26:09.110 [main] INFO  org.partapp.arrayapp.parser.impl.CustomParserImpl - Successfully parsed 5 numbers
2026-03-31 15:30:15.971 [main] INFO  org.partapp.arrayapp.parser.impl.CustomParserImpl - Parsing file
2026-03-31 15:30:15.973 [main] INFO  org.partapp.arrayapp.validator.impl.StringValidatorImpl - Validate string
2026-03-31 15:30:15.983 [main] INFO  org.partapp.arrayapp.parser.impl.CustomParserImpl - Parsing file
2026-03-31 15:30:15.984 [main] INFO  org.partapp.arrayapp.validator.impl.StringValidatorImpl - Validate string
2026-03-31 15:30:15.988 [main] INFO  org.partapp.arrayapp.parser.impl.CustomParserImpl - Parsing file
2026-03-31 15:30:15.988 [main] INFO  org.partapp.arrayapp.validator.impl.StringValidatorImpl - Validate string
2026-03-31 16:18:25.310 [main] INFO  org.partapp.arrayapp.validator.impl.StringValidatorImpl - Validate string
2026-03-31 16:18:25.312 [main] WARN  org.partapp.arrayapp.validator.impl.StringValidatorImpl - String is null or blank
2026-03-31 16:18:25.320 [main] INFO  org.partapp.arrayapp.validator.impl.StringValidatorImpl - Validate string
2026-03-31 16:18:25.320 [main] WARN  org.partapp.arrayapp.validator.impl.StringValidatorImpl - String is null or blank
2026-03-31 16:18:25.321 [main] INFO  org.partapp.arrayapp.validator.impl.StringValidatorImpl - Validate string
2026-03-31 16:18:25.323 [main] INFO  org.partapp.arrayapp.validator.impl.StringValidatorImpl - Validate string
2026-03-31 16:31:30.560 [main] INFO  org.partapp.arrayapp.validator.impl.StringValidatorImpl - Validate string
2026-03-31 16:31:30.562 [main] WARN  org.partapp.arrayapp.validator.impl.StringValidatorImpl - String is null or blank
2026-03-31 16:31:30.569 [main] INFO  org.partapp.arrayapp.validator.impl.StringValidatorImpl - Validate string
2026-03-31 16:31:30.569 [main] WARN  org.partapp.arrayapp.validator.impl.StringValidatorImpl - String is null or blank
2026-03-31 16:31:30.571 [main] INFO  org.partapp.arrayapp.validator.impl.StringValidatorImpl - Validate string
2026-03-31 16:31:30.573 [main] INFO  org.partapp.arrayapp.validator.impl.StringValidatorImpl - Validate string
2026-03-31 16:37:56.029 [main] INFO  org.partapp.arrayapp.parser.impl.CustomParserImpl - Parsing file
2026-03-31 16:37:56.031 [main] INFO  org.partapp.arrayapp.validator.impl.StringValidatorImpl - Validate string
2026-03-31 16:37:56.031 [main] WARN  org.partapp.arrayapp.parser.impl.CustomParserImpl - Parsing failed, invalid token
2026-03-31 16:37:56.041 [main] INFO  org.partapp.arrayapp.parser.impl.CustomParserImpl - Parsing file
2026-03-31 16:37:56.041 [main] INFO  org.partapp.arrayapp.validator.impl.StringValidatorImpl - Validate string
2026-03-31 16:37:56.044 [main] INFO  org.partapp.arrayapp.parser.impl.CustomParserImpl - Parsing file
2026-03-31 16:37:56.044 [main] INFO  org.partapp.arrayapp.validator.impl.StringValidatorImpl - Validate string
2026-03-31 16:37:56.044 [main] WARN  org.partapp.arrayapp.parser.impl.CustomParserImpl - Parsing failed, invalid token
2026-03-31 16:38:21.092 [main] INFO  org.partapp.arrayapp.parser.impl.CustomParserImpl - Parsing file
2026-03-31 16:38:21.094 [main] INFO  org.partapp.arrayapp.validator.impl.StringValidatorImpl - Validate string
2026-03-31 16:38:21.108 [main] INFO  org.partapp.arrayapp.parser.impl.CustomParserImpl - Parsing file
2026-03-31 16:38:21.109 [main] INFO  org.partapp.arrayapp.validator.impl.StringValidatorImpl - Validate string
2026-03-31 16:38:21.110 [main] INFO  org.partapp.arrayapp.parser.impl.CustomParserImpl - Parsing file
2026-03-31 16:38:21.110 [main] INFO  org.partapp.arrayapp.validator.impl.StringValidatorImpl - Validate string
2026-03-31 16:38:21.111 [main] WARN  org.partapp.arrayapp.parser.impl.CustomParserImpl - Parsing failed, invalid token
